0 info it worked if it ends with ok
1 verbose cli [ '/usr/local/Cellar/node/5.0.0/bin/node',
1 verbose cli   '/usr/local/bin/npm',
1 verbose cli   'run',
1 verbose cli   'devlabinstall' ]
2 info using npm@3.3.9
3 info using node@v5.0.0
4 verbose run-script [ 'predevlabinstall', 'devlabinstall', 'postdevlabinstall' ]
5 info lifecycle starhackit-api@0.0.1~predevlabinstall: starhackit-api@0.0.1
6 silly lifecycle starhackit-api@0.0.1~predevlabinstall: no script for predevlabinstall, continuing
7 info lifecycle starhackit-api@0.0.1~devlabinstall: starhackit-api@0.0.1
8 verbose lifecycle starhackit-api@0.0.1~devlabinstall: unsafe-perm in lifecycle true
9 verbose lifecycle starhackit-api@0.0.1~devlabinstall: PATH: /usr/local/lib/node_modules/npm/bin/node-gyp-bin:/Users/mstroeck/Development/beavr/server/node_modules/.bin:/usr/local/bin:/usr/bin:/bin:/usr/sbin:/sbin
10 verbose lifecycle starhackit-api@0.0.1~devlabinstall: CWD: /Users/mstroeck/Development/beavr/server
11 silly lifecycle starhackit-api@0.0.1~devlabinstall: Args: [ '-c', 'lab install' ]
12 silly lifecycle starhackit-api@0.0.1~devlabinstall: Returned: code: 1  signal: null
13 info lifecycle starhackit-api@0.0.1~devlabinstall: Failed to exec devlabinstall script
14 verbose stack Error: starhackit-api@0.0.1 devlabinstall: `lab install`
14 verbose stack Exit status 1
14 verbose stack     at EventEmitter.<anonymous> (/usr/local/lib/node_modules/npm/lib/utils/lifecycle.js:233:16)
14 verbose stack     at emitTwo (events.js:87:13)
14 verbose stack     at EventEmitter.emit (events.js:172:7)
14 verbose stack     at ChildProcess.<anonymous> (/usr/local/lib/node_modules/npm/lib/utils/spawn.js:24:14)
14 verbose stack     at emitTwo (events.js:87:13)
14 verbose stack     at ChildProcess.emit (events.js:172:7)
14 verbose stack     at maybeClose (internal/child_process.js:818:16)
14 verbose stack     at Process.ChildProcess._handle.onexit (internal/child_process.js:211:5)
15 verbose pkgid starhackit-api@0.0.1
16 verbose cwd /Users/mstroeck/Development/beavr/server/config
17 error Darwin 15.2.0
18 error argv "/usr/local/Cellar/node/5.0.0/bin/node" "/usr/local/bin/npm" "run" "devlabinstall"
19 error node v5.0.0
20 error npm  v3.3.9
21 error code ELIFECYCLE
22 error starhackit-api@0.0.1 devlabinstall: `lab install`
22 error Exit status 1
23 error Failed at the starhackit-api@0.0.1 devlabinstall script 'lab install'.
23 error This is most likely a problem with the starhackit-api package,
23 error not with npm itself.
23 error Tell the author that this fails on your system:
23 error     lab install
23 error You can get their info via:
23 error     npm owner ls starhackit-api
23 error There is likely additional logging output above.
24 verbose exit [ 1, true ]
